<?xml version="1.0" encoding="UTF-8"?>
<!-- Generated by org.testng.reporters.JUnitXMLReporter -->
<testsuite ignored="0" hostname="LAPTOP-LFU0PBV8" failures="1" tests="5" name="Test" time="27.357" errors="0" timestamp="2022-05-26T18:11:07 EDT">
  <testcase classname="com.salesforce.tests.AutomationScript" name="loginToSalesforce" time="4.032">
    <failure type="java.lang.AssertionError" message="expected [Welcome to your free trial.] but found [Home Page ~ Salesforce - Developer Edition]">
      <![CDATA[java.lang.AssertionError: expected [Welcome to your free trial.] but found [Home Page ~ Salesforce - Developer Edition]
at com.salesforce.tests.AutomationScript.loginToSalesforce(AutomationScript.java:26)
at java.base/java.util.ArrayList.forEach(ArrayList.java:1511)
... Removed 31 stack frames]]>
    </failure>
  </testcase> <!-- loginToSalesforce -->
  <testcase classname="com.salesforce.tests.AutomationScript" name="loginToSalesforceClearPassword" time="0.911"/>
  <testcase classname="com.salesforce.tests.AutomationScript" name="loginToSalesforceForgetPassword" time="1.187"/>
  <testcase classname="com.salesforce.tests.AutomationScript" name="loginToSalesforceRememberCheck" time="4.967"/>
  <testcase classname="com.salesforce.tests.AutomationScript" name="loginToSalesforceWrongData" time="0.915"/>
</testsuite> <!-- Test -->
