<?xml version="1.0" encoding="UTF-8"?>
<testng-results ignored="0" total="5" passed="4" failed="1" skipped="0">
  <reporter-output>
  </reporter-output>
  <suite started-at="2022-05-26T18:10:39 EDT" name="Suite" finished-at="2022-05-26T18:11:07 EDT" duration-ms="27357">
    <groups>
    </groups>
    <test started-at="2022-05-26T18:10:39 EDT" name="Test" finished-at="2022-05-26T18:11:07 EDT" duration-ms="27357">
      <class name="com.salesforce.tests.AutomationScript">
        <test-method is-config="true" signature="initialTestSetup()[pri:0, instance:com.salesforce.tests.AutomationScript@3ce1e309]" started-at="2022-05-26T18:10:39 EDT" name="initialTestSetup" finished-at="2022-05-26T18:10:39 EDT" duration-ms="7" status="PASS">
          <reporter-output>
          </reporter-output>
        </test-method> <!-- initialTestSetup -->
        <test-method is-config="true" signature="setUp(java.lang.reflect.Method)[pri:0, instance:com.salesforce.tests.AutomationScript@3ce1e309]" started-at="2022-05-26T18:10:40 EDT" name="setUp" finished-at="2022-05-26T18:10:44 EDT" duration-ms="4538" status="PASS">
          <params>
            <param index="0">
              <value>
                <![CDATA[public static void com.salesforce.tests.AutomationScript.loginToSalesforce()]]>
              </value>
            </param>
          </params>
          <reporter-output>
          </reporter-output>
        </test-method> <!-- setUp -->
        <test-method signature="loginToSalesforce()[pri:0, instance:com.salesforce.tests.AutomationScript@3ce1e309]" started-at="2022-05-26T18:10:44 EDT" name="loginToSalesforce" finished-at="2022-05-26T18:10:48 EDT" duration-ms="4032" status="FAIL">
          <exception class="java.lang.AssertionError">
            <message>
              <![CDATA[expected [Welcome to your free trial.] but found [Home Page ~ Salesforce - Developer Edition]]]>
            </message>
            <full-stacktrace>
              <![CDATA[java.lang.AssertionError: expected [Welcome to your free trial.] but found [Home Page ~ Salesforce - Developer Edition]
at org.testng.Assert.fail(Assert.java:110)
at org.testng.Assert.failNotEquals(Assert.java:1413)
at org.testng.Assert.assertEqualsImpl(Assert.java:149)
at org.testng.Assert.assertEquals(Assert.java:131)
at org.testng.Assert.assertEquals(Assert.java:655)
at org.testng.Assert.assertEquals(Assert.java:665)
at com.salesforce.tests.AutomationScript.loginToSalesforce(AutomationScript.java:26)
at java.base/jdk.internal.reflect.DirectMethodHandleAccessor.invoke(DirectMethodHandleAccessor.java:104)
at java.base/java.lang.reflect.Method.invoke(Method.java:577)
at org.testng.internal.invokers.MethodInvocationHelper.invokeMethod(MethodInvocationHelper.java:135)
at org.testng.internal.invokers.TestInvoker.invokeMethod(TestInvoker.java:673)
at org.testng.internal.invokers.TestInvoker.invokeTestMethod(TestInvoker.java:220)
at org.testng.internal.invokers.MethodRunner.runInSequence(MethodRunner.java:50)
at org.testng.internal.invokers.TestInvoker$MethodInvocationAgent.invoke(TestInvoker.java:945)
at org.testng.internal.invokers.TestInvoker.invokeTestMethods(TestInvoker.java:193)
at org.testng.internal.invokers.TestMethodWorker.invokeTestMethods(TestMethodWorker.java:146)
at org.testng.internal.invokers.TestMethodWorker.run(TestMethodWorker.java:128)
at java.base/java.util.ArrayList.forEach(ArrayList.java:1511)
at org.testng.TestRunner.privateRun(TestRunner.java:808)
at org.testng.TestRunner.run(TestRunner.java:603)
at org.testng.SuiteRunner.runTest(SuiteRunner.java:429)
at org.testng.SuiteRunner.runSequentially(SuiteRunner.java:423)
at org.testng.SuiteRunner.privateRun(SuiteRunner.java:383)
at org.testng.SuiteRunner.run(SuiteRunner.java:326)
at org.testng.SuiteRunnerWorker.runSuite(SuiteRunnerWorker.java:52)
at org.testng.SuiteRunnerWorker.run(SuiteRunnerWorker.java:95)
at org.testng.TestNG.runSuitesSequentially(TestNG.java:1249)
at org.testng.TestNG.runSuitesLocally(TestNG.java:1169)
at org.testng.TestNG.runSuites(TestNG.java:1092)
at org.testng.TestNG.run(TestNG.java:1060)
at org.testng.remote.AbstractRemoteTestNG.run(AbstractRemoteTestNG.java:115)
at org.testng.remote.RemoteTestNG.initAndRun(RemoteTestNG.java:251)
at org.testng.remote.RemoteTestNG.main(RemoteTestNG.java:77)
]]>
            </full-stacktrace>
          </exception> <!-- java.lang.AssertionError -->
          <reporter-output>
          </reporter-output>
        </test-method> <!-- loginToSalesforce -->
        <test-method is-config="true" signature="tearDown()[pri:0, instance:com.salesforce.tests.AutomationScript@3ce1e309]" started-at="2022-05-26T18:10:48 EDT" name="tearDown" finished-at="2022-05-26T18:10:49 EDT" duration-ms="242" status="PASS">
          <reporter-output>
          </reporter-output>
        </test-method> <!-- tearDown -->
        <test-method is-config="true" signature="setUp(java.lang.reflect.Method)[pri:0, instance:com.salesforce.tests.AutomationScript@3ce1e309]" started-at="2022-05-26T18:10:49 EDT" name="setUp" finished-at="2022-05-26T18:10:50 EDT" duration-ms="1523" status="PASS">
          <params>
            <param index="0">
              <value>
                <![CDATA[public static void com.salesforce.tests.AutomationScript.loginToSalesforceClearPassword()]]>
              </value>
            </param>
          </params>
          <reporter-output>
          </reporter-output>
        </test-method> <!-- setUp -->
        <test-method signature="loginToSalesforceClearPassword()[pri:0, instance:com.salesforce.tests.AutomationScript@3ce1e309]" started-at="2022-05-26T18:10:50 EDT" name="loginToSalesforceClearPassword" finished-at="2022-05-26T18:10:51 EDT" duration-ms="911" status="PASS">
          <reporter-output>
          </reporter-output>
        </test-method> <!-- loginToSalesforceClearPassword -->
        <test-method is-config="true" signature="tearDown()[pri:0, instance:com.salesforce.tests.AutomationScript@3ce1e309]" started-at="2022-05-26T18:10:51 EDT" name="tearDown" finished-at="2022-05-26T18:10:51 EDT" duration-ms="138" status="PASS">
          <reporter-output>
          </reporter-output>
        </test-method> <!-- tearDown -->
        <test-method is-config="true" signature="setUp(java.lang.reflect.Method)[pri:0, instance:com.salesforce.tests.AutomationScript@3ce1e309]" started-at="2022-05-26T18:10:51 EDT" name="setUp" finished-at="2022-05-26T18:10:52 EDT" duration-ms="1279" status="PASS">
          <params>
            <param index="0">
              <value>
                <![CDATA[public static void com.salesforce.tests.AutomationScript.loginToSalesforceForgetPassword()]]>
              </value>
            </param>
          </params>
          <reporter-output>
          </reporter-output>
        </test-method> <!-- setUp -->
        <test-method signature="loginToSalesforceForgetPassword()[pri:0, instance:com.salesforce.tests.AutomationScript@3ce1e309]" started-at="2022-05-26T18:10:52 EDT" name="loginToSalesforceForgetPassword" finished-at="2022-05-26T18:10:54 EDT" duration-ms="1187" status="PASS">
          <reporter-output>
          </reporter-output>
        </test-method> <!-- loginToSalesforceForgetPassword -->
        <test-method is-config="true" signature="tearDown()[pri:0, instance:com.salesforce.tests.AutomationScript@3ce1e309]" started-at="2022-05-26T18:10:54 EDT" name="tearDown" finished-at="2022-05-26T18:10:54 EDT" duration-ms="141" status="PASS">
          <reporter-output>
          </reporter-output>
        </test-method> <!-- tearDown -->
        <test-method is-config="true" signature="setUp(java.lang.reflect.Method)[pri:0, instance:com.salesforce.tests.AutomationScript@3ce1e309]" started-at="2022-05-26T18:10:54 EDT" name="setUp" finished-at="2022-05-26T18:10:58 EDT" duration-ms="4223" status="PASS">
          <params>
            <param index="0">
              <value>
                <![CDATA[public static void com.salesforce.tests.AutomationScript.loginToSalesforceRememberCheck()]]>
              </value>
            </param>
          </params>
          <reporter-output>
          </reporter-output>
        </test-method> <!-- setUp -->
        <test-method signature="loginToSalesforceRememberCheck()[pri:0, instance:com.salesforce.tests.AutomationScript@3ce1e309]" started-at="2022-05-26T18:10:58 EDT" name="loginToSalesforceRememberCheck" finished-at="2022-05-26T18:11:03 EDT" duration-ms="4967" status="PASS">
          <reporter-output>
          </reporter-output>
        </test-method> <!-- loginToSalesforceRememberCheck -->
        <test-method is-config="true" signature="tearDown()[pri:0, instance:com.salesforce.tests.AutomationScript@3ce1e309]" started-at="2022-05-26T18:11:03 EDT" name="tearDown" finished-at="2022-05-26T18:11:03 EDT" duration-ms="158" status="PASS">
          <reporter-output>
          </reporter-output>
        </test-method> <!-- tearDown -->
        <test-method is-config="true" signature="setUp(java.lang.reflect.Method)[pri:0, instance:com.salesforce.tests.AutomationScript@3ce1e309]" started-at="2022-05-26T18:11:03 EDT" name="setUp" finished-at="2022-05-26T18:11:06 EDT" duration-ms="2578" status="PASS">
          <params>
            <param index="0">
              <value>
                <![CDATA[public static void com.salesforce.tests.AutomationScript.loginToSalesforceWrongData()]]>
              </value>
            </param>
          </params>
          <reporter-output>
          </reporter-output>
        </test-method> <!-- setUp -->
        <test-method signature="loginToSalesforceWrongData()[pri:0, instance:com.salesforce.tests.AutomationScript@3ce1e309]" started-at="2022-05-26T18:11:06 EDT" name="loginToSalesforceWrongData" finished-at="2022-05-26T18:11:07 EDT" duration-ms="915" status="PASS">
          <reporter-output>
          </reporter-output>
        </test-method> <!-- loginToSalesforceWrongData -->
        <test-method is-config="true" signature="tearDown()[pri:0, instance:com.salesforce.tests.AutomationScript@3ce1e309]" started-at="2022-05-26T18:11:07 EDT" name="tearDown" finished-at="2022-05-26T18:11:07 EDT" duration-ms="132" status="PASS">
          <reporter-output>
          </reporter-output>
        </test-method> <!-- tearDown -->
      </class> <!-- com.salesforce.tests.AutomationScript -->
    </test> <!-- Test -->
  </suite> <!-- Suite -->
</testng-results>
